Compilación iniciada a las 17/11/2015 0:38:19.
     1>Proyecto "E:\Users\Nacho\Documents\GitHub\Zork\Zork\Zork.vcxproj" en el nodo 2 (Build destinos).
     1>ClCompile:
         D:\Program Files (x86)\Microsoft Visual Studio 14.0\VC\bin\CL.exe /c /ZI /nologo /W3 /WX- /sdl /Od /Oy- /D WIN32 /D _DEBUG /D _CONSOLE /D _UNICODE /D UNICODE /Gm /EHsc /RTC1 /MDd /GS /fp:precise /Zc:wchar_t /Zc:forScope /Zc:inline /Yc"stdafx.h" /Fp"Debug\Zork.pch" /Fo"Debug\\" /Fd"Debug\vc140.pdb" /Gd /TP /analyze- /errorReport:prompt stdafx.cpp
         stdafx.cpp
         D:\Program Files (x86)\Microsoft Visual Studio 14.0\VC\bin\CL.exe /c /ZI /nologo /W3 /WX- /sdl /Od /Oy- /D WIN32 /D _DEBUG /D _CONSOLE /D _UNICODE /D UNICODE /Gm /EHsc /RTC1 /MDd /GS /fp:precise /Zc:wchar_t /Zc:forScope /Zc:inline /Yu"stdafx.h" /Fp"Debug\Zork.pch" /Fo"Debug\\" /Fd"Debug\vc140.pdb" /Gd /TP /analyze- /errorReport:prompt AccionAlternativa.cpp AccionCogerObjeto.cpp AccionCondicional.cpp AccionConMensaje.cpp AccionConseguirObjeto.cpp AccionFlag.cpp AccionPerder.cpp AccionSoltarObjeto.cpp Consola.cpp Juego.cpp Mundo.cpp Objeto.cpp Opcion.cpp AccionCambiarSituacion.cpp Personaje.cpp PredicadoAND.cpp PredicadoFlag.cpp PredicadoNOT.cpp PredicadoObjetivo.cpp PredicadoOR.cpp PredicadoTieneObjeto.cpp SEntradaCasa.cpp SInteriorCasa.cpp Situacion.cpp SituacionInicial.cpp SPasilloCasa.cpp Util.cpp Zork.cpp
         Zork.cpp
         Util.cpp
         SPasilloCasa.cpp
     1>e:\users\nacho\documents\github\zork\zork\spasillocasa.cpp(3): warning C4067: símbolos (token) inesperados después de la directiva del preprocesador; se esperaba una nueva línea
         SituacionInicial.cpp
         Situacion.cpp
         SInteriorCasa.cpp
     1>e:\users\nacho\documents\github\zork\zork\sinteriorcasa.cpp(3): warning C4067: símbolos (token) inesperados después de la directiva del preprocesador; se esperaba una nueva línea
         SEntradaCasa.cpp
         PredicadoTieneObjeto.cpp
         PredicadoOR.cpp
         PredicadoObjetivo.cpp
         PredicadoNOT.cpp
         PredicadoFlag.cpp
         PredicadoAND.cpp
         Personaje.cpp
         AccionCambiarSituacion.cpp
         Opcion.cpp
         Objeto.cpp
         Mundo.cpp
         Juego.cpp
         Consola.cpp
         Generando código...
         Compilando...
         AccionSoltarObjeto.cpp
         AccionPerder.cpp
         AccionFlag.cpp
         AccionConseguirObjeto.cpp
         AccionConMensaje.cpp
         AccionCondicional.cpp
         AccionCogerObjeto.cpp
         AccionAlternativa.cpp
         Generando código...
       Link:
         D:\Program Files (x86)\Microsoft Visual Studio 14.0\VC\bin\link.exe /ERRORREPORT:PROMPT /OUT:"E:\Users\Nacho\Documents\GitHub\Zork\Debug\Zork.exe" /INCREMENTAL /NOLOGO kernel32.lib user32.lib gdi32.lib winspool.lib comdlg32.lib advapi32.lib shell32.lib ole32.lib oleaut32.lib uuid.lib odbc32.lib odbccp32.lib /MANIFEST /MANIFESTUAC:"level='asInvoker' uiAccess='false'" /manifest:embed /Debug /PDB:"E:\Users\Nacho\Documents\GitHub\Zork\Debug\Zork.pdb" /SUBSYSTEM:CONSOLE /TLBID:1 /DYNAMICBASE /NXCOMPAT /IMPLIB:"E:\Users\Nacho\Documents\GitHub\Zork\Debug\Zork.lib" /MACHINE:X86 Debug\AccionAlternativa.obj
         Debug\AccionCogerObjeto.obj
         Debug\AccionCondicional.obj
         Debug\AccionConMensaje.obj
         Debug\AccionConseguirObjeto.obj
         Debug\AccionFlag.obj
         Debug\AccionPerder.obj
         Debug\AccionSoltarObjeto.obj
         Debug\Consola.obj
         Debug\Juego.obj
         Debug\Mundo.obj
         Debug\Objeto.obj
         Debug\Opcion.obj
         Debug\AccionCambiarSituacion.obj
         Debug\Personaje.obj
         Debug\PredicadoAND.obj
         Debug\PredicadoFlag.obj
         Debug\PredicadoNOT.obj
         Debug\PredicadoObjetivo.obj
         Debug\PredicadoOR.obj
         Debug\PredicadoTieneObjeto.obj
         Debug\SEntradaCasa.obj
         Debug\SInteriorCasa.obj
         Debug\Situacion.obj
         Debug\SituacionInicial.obj
         Debug\SPasilloCasa.obj
         Debug\stdafx.obj
         Debug\Util.obj
         Debug\Zork.obj
         Zork.vcxproj -> E:\Users\Nacho\Documents\GitHub\Zork\Debug\Zork.exe
     1>Compilación del proyecto terminada "E:\Users\Nacho\Documents\GitHub\Zork\Zork\Zork.vcxproj" (Build destinos).

Compilación correcta.

Tiempo transcurrido 00:00:05.47
