e:\users\nacho\documents\github\zork\zork\debug\zork.pch
e:\users\nacho\documents\github\zork\zork\debug\vc140.pdb
e:\users\nacho\documents\github\zork\zork\debug\vc140.idb
e:\users\nacho\documents\github\zork\zork\debug\stdafx.obj
e:\users\nacho\documents\github\zork\zork\debug\accioncondicional.obj
e:\users\nacho\documents\github\zork\zork\debug\accionflag.obj
e:\users\nacho\documents\github\zork\zork\debug\consola.obj
e:\users\nacho\documents\github\zork\zork\debug\i_norte_bandidos.obj
e:\users\nacho\documents\github\zork\zork\debug\juego.obj
e:\users\nacho\documents\github\zork\zork\debug\mundo.obj
e:\users\nacho\documents\github\zork\zork\debug\opcion.obj
e:\users\nacho\documents\github\zork\zork\debug\accionabrir.obj
e:\users\nacho\documents\github\zork\zork\debug\accionmoverse.obj
e:\users\nacho\documents\github\zork\zork\debug\predicadoobjetivo.obj
e:\users\nacho\documents\github\zork\zork\debug\situacion.obj
e:\users\nacho\documents\github\zork\zork\debug\situacioninicial.obj
e:\users\nacho\documents\github\zork\zork\debug\util.obj
e:\users\nacho\documents\github\zork\zork\debug\zork.obj
e:\users\nacho\documents\github\zork\debug\zork.pdb
e:\users\nacho\documents\github\zork\zork\debug\zork.tlog\cl.command.1.tlog
e:\users\nacho\documents\github\zork\zork\debug\zork.tlog\cl.read.1.tlog
e:\users\nacho\documents\github\zork\zork\debug\zork.tlog\cl.write.1.tlog
e:\users\nacho\documents\github\zork\zork\debug\zork.tlog\link.5560-cvtres.read.1.tlog
e:\users\nacho\documents\github\zork\zork\debug\zork.tlog\link.5560-cvtres.write.1.tlog
e:\users\nacho\documents\github\zork\zork\debug\zork.tlog\link.5560-rc.read.1.tlog
e:\users\nacho\documents\github\zork\zork\debug\zork.tlog\link.5560-rc.write.1.tlog
e:\users\nacho\documents\github\zork\zork\debug\zork.tlog\link.5560.read.1.tlog
e:\users\nacho\documents\github\zork\zork\debug\zork.tlog\link.5560.write.1.tlog
e:\users\nacho\documents\github\zork\zork\debug\zork.tlog\link.command.1.tlog
e:\users\nacho\documents\github\zork\zork\debug\zork.tlog\link.read.1.tlog
e:\users\nacho\documents\github\zork\zork\debug\zork.tlog\link.write.1.tlog
